<?xml version="1.0" encoding="UTF-8"?>
<!-- Generated by org.testng.reporters.JUnitReportReporter -->
<testsuite skipped="0" hostname="Yogesh-PC" name="getRequest.GetData" tests="1" failures="0" timestamp="12 Jun 2019 07:24:22 GMT" time="2.079" errors="0">
  <testcase name="testResponseCode" time="2.079" classname="getRequest.GetData"/>
</testsuite> <!-- getRequest.GetData -->
